0 info it worked if it ends with ok
1 verbose cli [ 'node', '/usr/local/bin/npm', 'install', '-g', 'fis3' ]
2 info using npm@1.4.28
3 info using node@v0.10.36
4 verbose cache add [ 'fis3', null ]
5 verbose cache add name=undefined spec="fis3" args=["fis3",null]
6 verbose parsed url { protocol: null,
6 verbose parsed url   slashes: null,
6 verbose parsed url   auth: null,
6 verbose parsed url   host: null,
6 verbose parsed url   port: null,
6 verbose parsed url   hostname: null,
6 verbose parsed url   hash: null,
6 verbose parsed url   search: null,
6 verbose parsed url   query: null,
6 verbose parsed url   pathname: 'fis3',
6 verbose parsed url   path: 'fis3',
6 verbose parsed url   href: 'fis3' }
7 silly lockFile 6393f57e-fis3 fis3
8 verbose lock fis3 /Users/Sunday/.npm/6393f57e-fis3.lock
9 silly lockFile 6393f57e-fis3 fis3
10 silly lockFile 6393f57e-fis3 fis3
11 verbose addNamed [ 'fis3', '' ]
12 verbose addNamed [ null, '*' ]
13 silly lockFile 96d3207e-fis3 fis3@
14 verbose lock fis3@ /Users/Sunday/.npm/96d3207e-fis3.lock
15 silly addNameRange { name: 'fis3', range: '*', hasData: false }
16 verbose request where is /fis3
17 verbose request registry https://registry.npm.taobao.org/
18 verbose request id ada0d6c3d6cb0727
19 verbose url raw /fis3
20 verbose url resolving [ 'https://registry.npm.taobao.org/', './fis3' ]
21 verbose url resolved https://registry.npm.taobao.org/fis3
22 verbose request where is https://registry.npm.taobao.org/fis3
23 info trying registry request attempt 1 at 17:10:50
24 http GET https://registry.npm.taobao.org/fis3
25 http 200 https://registry.npm.taobao.org/fis3
26 silly registry.get cb [ 200,
26 silly registry.get   { server: 'nginx/1.1.19',
26 silly registry.get     date: 'Sun, 13 Sep 2015 09:10:51 GMT',
26 silly registry.get     'content-type': 'application/json; charset=utf-8',
26 silly registry.get     'transfer-encoding': 'chunked',
26 silly registry.get     connection: 'keep-alive',
26 silly registry.get     etag: '"1440749655000"',
26 silly registry.get     'x-readtime': '165',
26 silly registry.get     'content-encoding': 'gzip' } ]
27 silly addNameRange number 2 { name: 'fis3', range: '*', hasData: true }
28 silly addNameRange versions [ 'fis3',
28 silly addNameRange   [ '3.2.0',
28 silly addNameRange     '3.1.9',
28 silly addNameRange     '3.1.8',
28 silly addNameRange     '3.1.7',
28 silly addNameRange     '3.1.6',
28 silly addNameRange     '3.1.5',
28 silly addNameRange     '3.1.4',
28 silly addNameRange     '3.1.3',
28 silly addNameRange     '3.1.2',
28 silly addNameRange     '3.1.1',
28 silly addNameRange     '3.1.0',
28 silly addNameRange     '3.0.20',
28 silly addNameRange     '3.0.19',
28 silly addNameRange     '3.0.18',
28 silly addNameRange     '3.0.17',
28 silly addNameRange     '3.0.16',
28 silly addNameRange     '3.0.15',
28 silly addNameRange     '3.0.14',
28 silly addNameRange     '3.0.13',
28 silly addNameRange     '3.0.12',
28 silly addNameRange     '3.0.11',
28 silly addNameRange     '3.0.10',
28 silly addNameRange     '3.0.9',
28 silly addNameRange     '3.0.8',
28 silly addNameRange     '3.0.7',
28 silly addNameRange     '3.0.6',
28 silly addNameRange     '3.0.5',
28 silly addNameRange     '3.0.4',
28 silly addNameRange     '3.0.3',
28 silly addNameRange     '3.0.2',
28 silly addNameRange     '3.0.1',
28 silly addNameRange     '3.0.0',
28 silly addNameRange     '1.3.9',
28 silly addNameRange     '1.3.8',
28 silly addNameRange     '1.3.7',
28 silly addNameRange     '1.3.6',
28 silly addNameRange     '1.3.5',
28 silly addNameRange     '1.3.4',
28 silly addNameRange     '1.3.3',
28 silly addNameRange     '1.3.2',
28 silly addNameRange     '1.3.0',
28 silly addNameRange     '1.2.9',
28 silly addNameRange     '1.2.8',
28 silly addNameRange     '1.2.7',
28 silly addNameRange     '1.2.6',
28 silly addNameRange     '1.2.5',
28 silly addNameRange     '1.2.4',
28 silly addNameRange     '1.2.3',
28 silly addNameRange     '1.2.2',
28 silly addNameRange     '1.2.1',
28 silly addNameRange     '1.2.0',
28 silly addNameRange     '1.1.9',
28 silly addNameRange     '1.1.8',
28 silly addNameRange     '1.1.7',
28 silly addNameRange     '1.1.6',
28 silly addNameRange     '1.1.5',
28 silly addNameRange     '1.1.4',
28 silly addNameRange     '1.1.3',
28 silly addNameRange     '1.1.2',
28 silly addNameRange     '1.1.1',
28 silly addNameRange     '1.1.0',
28 silly addNameRange     '1.0.10',
28 silly addNameRange     '1.0.9',
28 silly addNameRange     '1.0.8',
28 silly addNameRange     '1.0.7',
28 silly addNameRange     '1.0.6',
28 silly addNameRange     '1.0.5',
28 silly addNameRange     '1.0.4',
28 silly addNameRange     '1.0.3',
28 silly addNameRange     '1.0.2',
28 silly addNameRange     '1.0.1',
28 silly addNameRange     '1.0.0',
28 silly addNameRange     '1.0.0-beta8',
28 silly addNameRange     '1.0.0-beta7',
28 silly addNameRange     '1.0.0-beta6',
28 silly addNameRange     '1.0.0-beta5',
28 silly addNameRange     '1.0.0-beta4',
28 silly addNameRange     '1.0.0-beta3',
28 silly addNameRange     '1.0.0-beta2',
28 silly addNameRange     '1.0.0-beta' ] ]
29 verbose addNamed [ 'fis3', '3.2.0' ]
30 verbose addNamed [ '3.2.0', '3.2.0' ]
31 silly lockFile 1d094e30-fis3-3-2-0 fis3@3.2.0
32 verbose lock fis3@3.2.0 /Users/Sunday/.npm/1d094e30-fis3-3-2-0.lock
33 silly lockFile 4b4caaa3-org-fis3-download-fis3-3-2-0-tgz https://registry.npm.taobao.org/fis3/download/fis3-3.2.0.tgz
34 verbose lock https://registry.npm.taobao.org/fis3/download/fis3-3.2.0.tgz /Users/Sunday/.npm/4b4caaa3-org-fis3-download-fis3-3-2-0-tgz.lock
35 verbose addRemoteTarball [ 'https://registry.npm.taobao.org/fis3/download/fis3-3.2.0.tgz',
35 verbose addRemoteTarball   'dc44e894cd6442a03a9642324bd4579ca976de9b' ]
36 info retry fetch attempt 1 at 17:10:51
37 verbose fetch to= /var/folders/fm/x5g_jbln24169pry6bwpx0j40000gn/T/npm-75918-pZjt84-R/registry.npm.taobao.org/fis3/download/fis3-3.2.0.tgz
38 http GET https://registry.npm.taobao.org/fis3/download/fis3-3.2.0.tgz
39 http 200 https://registry.npm.taobao.org/fis3/download/fis3-3.2.0.tgz
40 silly lockFile 4b4caaa3-org-fis3-download-fis3-3-2-0-tgz https://registry.npm.taobao.org/fis3/download/fis3-3.2.0.tgz
41 silly lockFile 4b4caaa3-org-fis3-download-fis3-3-2-0-tgz https://registry.npm.taobao.org/fis3/download/fis3-3.2.0.tgz
42 silly lockFile 1d094e30-fis3-3-2-0 fis3@3.2.0
43 silly lockFile 1d094e30-fis3-3-2-0 fis3@3.2.0
44 silly lockFile 96d3207e-fis3 fis3@
45 silly lockFile 96d3207e-fis3 fis3@
46 silly resolved [ { name: 'fis3',
46 silly resolved     version: '3.2.0',
46 silly resolved     description: 'fis 3.0',
46 silly resolved     main: 'index.js',
46 silly resolved     bin: { fis3: 'bin/fis.js' },
46 silly resolved     dependencies:
46 silly resolved      { colors: '0.6.2',
46 silly resolved        commander: '1.3.2',
46 silly resolved        glob: '5.0.3',
46 silly resolved        'iconv-lite': '0.2.10',
46 silly resolved        liftoff: '2.0.2',
46 silly resolved        lodash: '3.6.0',
46 silly resolved        minimatch: '2.0.4',
46 silly resolved        minimist: '1.1.1',
46 silly resolved        resolve: '1.1.6',
46 silly resolved        tar: '0.1.17',
46 silly resolved        'fis-command-install': '0.2.1',
46 silly resolved        'fis-command-server': '0.7.7',
46 silly resolved        'fis-lolcat': '1.0.1',
46 silly resolved        'fis-optimizer-clean-css': '0.0.9',
46 silly resolved        'fis-optimizer-png-compressor': '0.1.0',
46 silly resolved        'fis-optimizer-uglify-js': '0.1.10',
46 silly resolved        'fis-spriter-csssprites': '0.3.0',
46 silly resolved        'fis3-command-init': '1.0.7',
46 silly resolved        'fis3-command-inspect': '1.0.3',
46 silly resolved        'fis3-command-release': '1.2.7',
46 silly resolved        'fis3-deploy-local-deliver': '1.0.0',
46 silly resolved        'fis3-deploy-http-push': '1.0.1',
46 silly resolved        'fis3-deploy-encoding': '1.0.0',
46 silly resolved        'fis3-hook-components': '1.0.0',
46 silly resolved        'fis3-packager-map': '1.0.7',
46 silly resolved        'fis3-errors': '*' },
46 silly resolved     devDependencies:
46 silly resolved      { chai: '^2.2.0',
46 silly resolved        jsdoc: '^3.3.2',
46 silly resolved        minami: 'git://github.com/2betop/minami.git',
46 silly resolved        mocha: '^2.2.1',
46 silly resolved        'mocha-junit-reporter': '^1.4.0',
46 silly resolved        'npm-watch': '0.0.0',
46 silly resolved        istanbul: '~0.2.14',
46 silly resolved        coveralls: '2.10.0',
46 silly resolved        'fis3-deploy-local-deliver': '1.0.0',
46 silly resolved        'fis3-postpackager-loader': '1.2.7',
46 silly resolved        'fis3-hook-cmd': '0.0.1' },
46 silly resolved     watch: { jsdoc: 'lib/*.js' },
46 silly resolved     scripts:
46 silly resolved      { test: 'mocha test',
46 silly resolved        'test-cov': 'istanbul cover node_modules/mocha/bin/_mocha -- --reporter dot --check-leaks test',
46 silly resolved        jsdoc: 'jsdoc --readme ./doc/docs/api/dev-plugin.md ./lib -r -t ./node_modules/minami -c .jsdoc.json -d ./doc/api',
46 silly resolved        watch: 'npm-watch',
46 silly resolved        'test-travis': 'istanbul cover node_modules/mocha/bin/_mocha test/*.js' },
46 silly resolved     repository: { type: 'git', url: 'https://github.com/fex-team/fis3.git' },
46 silly resolved     keywords: [ 'fis' ],
46 silly resolved     author: { name: 'fis' },
46 silly resolved     license: 'BSD',
46 silly resolved     bugs: { url: 'https://github.com/fex-team/fis3/issues' },
46 silly resolved     homepage: 'https://github.com/fex-team/fis3',
46 silly resolved     gitHead: '09e890d5389138c3826a4f4e5446878663d0cae8',
46 silly resolved     _id: 'fis3@3.2.0',
46 silly resolved     _shasum: 'dc44e894cd6442a03a9642324bd4579ca976de9b',
46 silly resolved     _from: 'fis3@',
46 silly resolved     _npmVersion: '2.7.5',
46 silly resolved     _nodeVersion: '0.12.2',
46 silly resolved     _npmUser: { name: '2betop', email: '2betop.cn@gmail.com' },
46 silly resolved     dist:
46 silly resolved      { shasum: 'dc44e894cd6442a03a9642324bd4579ca976de9b',
46 silly resolved        size: 46480,
46 silly resolved        noattachment: false,
46 silly resolved        tarball: 'http://registry.npm.taobao.org/fis3/download/fis3-3.2.0.tgz' },
46 silly resolved     maintainers: [ [Object], [Object], [Object] ],
46 silly resolved     directories: {},
46 silly resolved     publish_time: 1440741824097,
46 silly resolved     _cnpm_publish_time: 1440741824097,
46 silly resolved     _resolved: 'https://registry.npm.taobao.org/fis3/download/fis3-3.2.0.tgz' } ]
47 info install fis3@3.2.0 into /usr/local/lib
48 info installOne fis3@3.2.0
49 verbose lib/node_modules/fis3 unbuild
50 verbose tar unpack /Users/Sunday/.npm/fis3/3.2.0/package.tgz
51 silly lockFile 78842960--usr-local-lib-node-modules-fis3 tar:///usr/local/lib/node_modules/fis3
52 verbose lock tar:///usr/local/lib/node_modules/fis3 /Users/Sunday/.npm/78842960--usr-local-lib-node-modules-fis3.lock
53 silly lockFile 99555352-unday-npm-fis3-3-2-0-package-tgz tar:///Users/Sunday/.npm/fis3/3.2.0/package.tgz
54 verbose lock tar:///Users/Sunday/.npm/fis3/3.2.0/package.tgz /Users/Sunday/.npm/99555352-unday-npm-fis3-3-2-0-package-tgz.lock
55 silly gunzTarPerm modes [ '755', '644' ]
56 error Error: EACCES, mkdir '/usr/local/lib/node_modules/fis3'
56 error  { [Error: EACCES, mkdir '/usr/local/lib/node_modules/fis3']
56 error   errno: 3,
56 error   code: 'EACCES',
56 error   path: '/usr/local/lib/node_modules/fis3',
56 error   fstream_type: 'Directory',
56 error   fstream_path: '/usr/local/lib/node_modules/fis3',
56 error   fstream_class: 'DirWriter',
56 error   fstream_stack:
56 error    [ '/usr/local/lib/node_modules/npm/node_modules/fstream/lib/dir-writer.js:36:23',
56 error      '/usr/local/lib/node_modules/npm/node_modules/mkdirp/index.js:46:53',
56 error      'Object.oncomplete (fs.js:108:15)' ] }
57 error Please try running this command again as root/Administrator.
58 error System Darwin 14.5.0
59 error command "node" "/usr/local/bin/npm" "install" "-g" "fis3"
60 error cwd /Users/Sunday/Github/oneokstudio/OEM-Greeting-Card
61 error node -v v0.10.36
62 error npm -v 1.4.28
63 error path /usr/local/lib/node_modules/fis3
64 error fstream_path /usr/local/lib/node_modules/fis3
65 error fstream_type Directory
66 error fstream_class DirWriter
67 error code EACCES
68 error errno 3
69 error stack Error: EACCES, mkdir '/usr/local/lib/node_modules/fis3'
70 error fstream_stack /usr/local/lib/node_modules/npm/node_modules/fstream/lib/dir-writer.js:36:23
70 error fstream_stack /usr/local/lib/node_modules/npm/node_modules/mkdirp/index.js:46:53
70 error fstream_stack Object.oncomplete (fs.js:108:15)
71 verbose exit [ 3, true ]
