Sun Sep 13 2015 17:43:46 GMT+0800 (CST): Master started on pid 77767, forking 8 processes
Sun Sep 13 2015 17:43:46 GMT+0800 (CST): events.js:72
        throw er; // Unhandled 'error' event
              ^
Error: bind EADDRINUSE
    at errnoException (net.js:905:11)
    at net.js:1085:30
    at Object.7:1 (cluster.js:594:5)
    at handleResponse (cluster.js:171:41)
    at respond (cluster.js:192:5)
    at handleMessage (cluster.js:202:5)
    at process.emit (events.js:117:20)
    at handleMessage (child_process.js:322:10)
    at child_process.js:396:7
    at process.handleConversion.net.Native.got (child_process.js:91:7)
Sun Sep 13 2015 17:44:01 GMT+0800 (CST): Master started on pid 77817, forking 8 processes
Sun Sep 13 2015 17:44:01 GMT+0800 (CST): Listening on http://localhost:8080
Sun Sep 13 2015 17:44:01 GMT+0800 (CST): Listening on http://localhost:8080
Sun Sep 13 2015 17:44:01 GMT+0800 (CST): Listening on http://localhost:8080
Sun Sep 13 2015 17:44:01 GMT+0800 (CST): Listening on http://localhost:8080
Sun Sep 13 2015 17:44:01 GMT+0800 (CST): Listening on http://localhost:8080
Sun Sep 13 2015 17:44:01 GMT+0800 (CST): Listening on http://localhost:8080
Sun Sep 13 2015 17:44:01 GMT+0800 (CST): Listening on http://localhost:8080
Sun Sep 13 2015 17:44:01 GMT+0800 (CST): Listening on http://localhost:8080
Sun Sep 13 2015 18:27:14 GMT+0800 (CST): QUIT received, will exit once all workers have finished current requests.
Sun Sep 13 2015 18:27:14 GMT+0800 (CST): Master started on pid 80246, forking 8 processes
Sun Sep 13 2015 18:27:14 GMT+0800 (CST): Listening on http://localhost:8080
Sun Sep 13 2015 18:27:14 GMT+0800 (CST): Listening on http://localhost:8080
Sun Sep 13 2015 18:27:14 GMT+0800 (CST): Listening on http://localhost:8080
Sun Sep 13 2015 18:27:14 GMT+0800 (CST): Listening on http://localhost:8080
Sun Sep 13 2015 18:27:14 GMT+0800 (CST): Listening on http://localhost:8080
Sun Sep 13 2015 18:27:14 GMT+0800 (CST): Listening on http://localhost:8080
Sun Sep 13 2015 18:27:14 GMT+0800 (CST): Listening on http://localhost:8080
Sun Sep 13 2015 18:27:14 GMT+0800 (CST): Listening on http://localhost:8080
Sun Sep 13 2015 18:27:25 GMT+0800 (CST): QUIT received, will exit once all workers have finished current requests.
Wed Sep 16 2015 21:54:17 GMT+0800 (CST): Master started on pid 1373, forking 8 processes
Wed Sep 16 2015 21:54:17 GMT+0800 (CST): 
Wed Sep 16 2015 21:54:17 GMT+0800 (CST): events.js:72
        throw er; // Unhandled 'error' event
              ^
Wed Sep 16 2015 21:54:17 GMT+0800 (CST): Error: bind EADDRINUSE
    at errnoException (net.js:905:11)
    at net.js:1085:30
    at Object.3:1 (cluster.js:594:5)
    at handleResponse (cluster.js:171:41)
    at respond (cluster.js:192:5)
    at handleMessage (cluster.js:202:5)
    at process.emit (events.js:117:20)
    at handleMessage (child_process.js:322:10)
    at child_process.js:396:7
    at process.handleConversion.net.Native.got (child_process.js:91:7)
Wed Sep 16 2015 21:54:29 GMT+0800 (CST): Master started on pid 1420, forking 8 processes
Wed Sep 16 2015 21:54:30 GMT+0800 (CST): Listening on http://localhost:8080
Wed Sep 16 2015 21:54:30 GMT+0800 (CST): Listening on http://localhost:8080
Wed Sep 16 2015 21:54:30 GMT+0800 (CST): Listening on http://localhost:8080
Wed Sep 16 2015 21:54:30 GMT+0800 (CST): Listening on http://localhost:8080
Wed Sep 16 2015 21:54:30 GMT+0800 (CST): Listening on http://localhost:8080
Wed Sep 16 2015 21:54:30 GMT+0800 (CST): Listening on http://localhost:8080
Wed Sep 16 2015 21:54:30 GMT+0800 (CST): Listening on http://localhost:8080
Wed Sep 16 2015 21:54:30 GMT+0800 (CST): Listening on http://localhost:8080
